============================= test session starts ==============================
platform linux -- Python 3.10.20, pytest-9.0.3, pluggy-1.6.0 -- /home/winie/miniconda3/envs/ai_action/bin/python
cachedir: .pytest_cache
rootdir: /home/winie/Day24-2A202600723-NguyenThiVang-Track02-Lab-Assignment/medviet-governance
plugins: langsmith-0.8.8, Faker-37.12.0, anyio-4.13.0
collecting ... collected 6 items

tests/test_pii.py::TestPIIDetection::test_cccd_detected PASSED           [ 16%]
tests/test_pii.py::TestPIIDetection::test_phone_detected PASSED          [ 33%]
tests/test_pii.py::TestPIIDetection::test_email_detected PASSED          [ 50%]
tests/test_pii.py::TestPIIDetection::test_detection_rate_above_95_percent PASSED [ 66%]
tests/test_pii.py::TestAnonymization::test_pii_not_in_output PASSED      [ 83%]
tests/test_pii.py::TestAnonymization::test_non_pii_columns_unchanged PASSED [100%]

=============================== warnings summary ===============================
../../miniconda3/envs/ai_action/lib/python3.10/site-packages/typer/completion.py:122
  /home/winie/miniconda3/envs/ai_action/lib/python3.10/site-packages/typer/completion.py:122: DeprecationWarning: 'BaseCommand' is deprecated and will be removed in Click 9.0. Use 'Command' instead.
    cli: click.BaseCommand,

../../miniconda3/envs/ai_action/lib/python3.10/site-packages/spacy/cli/_util.py:23
  /home/winie/miniconda3/envs/ai_action/lib/python3.10/site-packages/spacy/cli/_util.py:23: DeprecationWarning: Importing 'parser.split_arg_string' is deprecated, it will only be available in 'shell_completion' in Click 9.0.
    from click.parser import split_arg_string

../../miniconda3/envs/ai_action/lib/python3.10/site-packages/weasel/util/config.py:8
  /home/winie/miniconda3/envs/ai_action/lib/python3.10/site-packages/weasel/util/config.py:8: DeprecationWarning: Importing 'parser.split_arg_string' is deprecated, it will only be available in 'shell_completion' in Click 9.0.
    from click.parser import split_arg_string

-- Docs: https://docs.pytest.org/en/stable/how-to/capture-warnings.html
======================== 6 passed, 3 warnings in 19.03s ========================
